<?xml version="1.0" encoding="UTF-8"?>
<!-- Generated by org.testng.reporters.JUnitReportReporter -->
<testsuite name="com.naveen.runner.RunnerClass" tests="1" time="91.986" ignored="0" failures="0" timestamp="03 Oct 2020 17:44:09 GMT" skipped="0" hostname="Naveens-MacBook-Pro.local" errors="0">
  <testcase name="test" time="91.986" classname="com.naveen.runner.RunnerClass"/>
</testsuite> <!-- com.naveen.runner.RunnerClass -->
